          switch_set          | count 
 app_list_switches            |     2
 ash_backslash_ash_switches   |    16
 ash_switches                 |    25
 aura_switches                |     4
 base_backslash_test_switches |    10
 base_switches                |    36
 chromeos_switches            |     5
 chrome_switches              |   326
 compositor_switches          |     6
 content_switches             |   176
 gl_switches                  |    30
 gpu_backslash_test_switches  |     5
 gpu_switches                 |    11
 ipc_switches                 |    21
 media_switches               |     8
 plugin_switches              |    14
 service_switches             |     4
 shell_switches               |    14
 test_shell_switches          |     4
 ui_base_switches             |    42
 virtual_driver_switches      |     3
