 cross_cutting_modules 
                    16
                     7
                     3
                     3
                     5
                     5
                     4
                    16
                    19
                     1
                     3
                     4
                     6
                     2
                     2
                     3
                     3
                     4
                     3
                     5
                     4
                     2
                     4
                     1
                     3
                     3
                     1
                     1
                     1
                     1
                     1
                     1
