                   dir                   | feature_count 
 chromium/chrome/browser/extensions/     |             2
 frame/test/                             |             2
 chromium/chrome/browser/ui/webui/       |             2
 driver/win/                             |             2
 chromium/chrome/common/                 |             1
 chromium/content/                       |             7
 chromium/chrome/browser/ui/             |             3
 chromium/chrome/service/                |             2
 chromium/media/audio/                   |             1
 chromium/chrome/common/net/             |             1
 chromium/ui/views/                      |             1
 chromium/content/browser/               |             8
 chromium/chrome/browser/sync/           |             1
 chromium/chrome/browser/extensions/api/ |             3
 chromium/webkit/tools/                  |             2
 chromium/chrome/browser/chromeos/       |             8
 chromium/testing/                       |             1
 chromium/chrome/                        |             7
 chromium/chrome/browser/sync/test/      |             1
 chromium/chrome/browser/ui/ash/         |             1
 chromium/ui/views/examples/             |             1
 chromium/chrome/browser/printing/       |             1
 chromium/chrome/browser/ui/views/       |             4
 chromium/                               |             8
 frame/                                  |             2
 print/service/                          |             1
 chromium/chrome/test/logging/           |             1
 chromium/media/                         |             1
 chromium/base/                          |             2
 chromium/content/public/                |             1
 chromium/ui/base/                       |             1
 chromium/base/ash/content/              |             1
 chromium/content/common/                |             2
 chromium/chromeos/                      |             1
 chromium/chrome/test/data/              |             1
 chromium/chrome/browser/ui/views/ash/   |             1
 chromium/webkit/plugins/                |             1
 chromium/ui/gfx/                        |             1
 chromium/ash/                           |             2
 chromium/ash/system/                    |             1
 chromium/content/app/                   |             2
 chromium/base/ash/wm/                   |             1
 host/                                   |             1
 chromium/base/ash/system/chromeos/      |             1
 chromium/chrome/common/extensions/      |             1
 chromium/content/renderer/              |             1
 buffer/                                 |             1
 chromium/ui/                            |             4
 chromium/content/test/                  |             1
 print/                                  |             4
 chromium/ui/views/controls/             |             1
 chromium/chrome/browser/                |             7
 chromium/chrome/test/perf/              |             4
 chromium/chrome/test/                   |             7
 chromium/chrome/renderer/               |             2
 chromium/base/ash/                      |             1
 chromium/remoting/host/                 |             1
 chromium/media/tools/                   |             1
 chromium/chrome/installer/              |             2
 chromium/webkit/                        |             1
