 cross_cutting_features 
                      3
                      2
                      3
                      1
                      2
                     13
                      3
                      1
                      2
                      3
                      2
                      4
                      1
                      8
                      2
                      1
                      4
                      2
                      2
                      1
