 cross_cutting_features 
                      9
                      8
                      2
                      6
                      5
                      2
                     17
                      5
                      2
                      7
                      4
                      4
                      2
                      5
                      4
                      4
                     15
                      1
                      1
                      2
                      2
                      2
                      3
                      1
                      1
                      1
                      1
                      6
                      1
                      1
                      3
                      1
                      1
                      1
                      2
                      1
                      1
